<?xml version="1.0" encoding="UTF-8"?>
<testsuite xmlns:xsi="http://www.w3.org/2001/XMLSchema-instance" xsi:noNamespaceSchemaLocation="https://maven.apache.org/surefire/maven-surefire-plugin/xsd/surefire-test-report.xsd" name="cn.xeonsoft.worker.task.AppTest" time="0.015" tests="1" errors="0" skipped="0" failures="0">
  <properties>
    <property name="sun.desktop" value="windows"/>
    <property name="awt.toolkit" value="sun.awt.windows.WToolkit"/>
    <property name="file.encoding.pkg" value="sun.io"/>
    <property name="java.specification.version" value="1.8"/>
    <property name="sun.cpu.isalist" value="amd64"/>
    <property name="sun.jnu.encoding" value="GBK"/>
    <property name="java.class.path" value="D:\ideawork\scheduler\sl\target\test-classes;D:\ideawork\scheduler\sl\target\classes;E:\tool\repository\junit\junit\3.8.1\junit-3.8.1.jar;E:\tool\repository\org\apache\commons\commons-lang3\3.7\commons-lang3-3.7.jar;E:\tool\repository\org\springframework\boot\spring-boot-starter-web\2.0.0.RELEASE\spring-boot-starter-web-2.0.0.RELEASE.jar;E:\tool\repository\org\springframework\boot\spring-boot-starter-json\2.0.0.RELEASE\spring-boot-starter-json-2.0.0.RELEASE.jar;E:\tool\repository\com\fasterxml\jackson\core\jackson-databind\2.9.4\jackson-databind-2.9.4.jar;E:\tool\repository\com\fasterxml\jackson\core\jackson-annotations\2.9.0\jackson-annotations-2.9.0.jar;E:\tool\repository\com\fasterxml\jackson\core\jackson-core\2.9.4\jackson-core-2.9.4.jar;E:\tool\repository\com\fasterxml\jackson\datatype\jackson-datatype-jdk8\2.9.4\jackson-datatype-jdk8-2.9.4.jar;E:\tool\repository\com\fasterxml\jackson\datatype\jackson-datatype-jsr310\2.9.4\jackson-datatype-jsr310-2.9.4.jar;E:\tool\repository\com\fasterxml\jackson\module\jackson-module-parameter-names\2.9.4\jackson-module-parameter-names-2.9.4.jar;E:\tool\repository\org\springframework\boot\spring-boot-starter-tomcat\2.0.0.RELEASE\spring-boot-starter-tomcat-2.0.0.RELEASE.jar;E:\tool\repository\org\apache\tomcat\embed\tomcat-embed-core\8.5.28\tomcat-embed-core-8.5.28.jar;E:\tool\repository\org\apache\tomcat\embed\tomcat-embed-el\8.5.28\tomcat-embed-el-8.5.28.jar;E:\tool\repository\org\apache\tomcat\embed\tomcat-embed-websocket\8.5.28\tomcat-embed-websocket-8.5.28.jar;E:\tool\repository\org\hibernate\validator\hibernate-validator\6.0.7.Final\hibernate-validator-6.0.7.Final.jar;E:\tool\repository\javax\validation\validation-api\2.0.1.Final\validation-api-2.0.1.Final.jar;E:\tool\repository\org\jboss\logging\jboss-logging\3.3.2.Final\jboss-logging-3.3.2.Final.jar;E:\tool\repository\com\fasterxml\classmate\1.3.4\classmate-1.3.4.jar;E:\tool\repository\org\springframework\spring-web\5.0.4.RELEASE\spring-web-5.0.4.RELEASE.jar;E:\tool\repository\org\springframework\spring-beans\5.0.4.RELEASE\spring-beans-5.0.4.RELEASE.jar;E:\tool\repository\org\springframework\spring-webmvc\5.0.4.RELEASE\spring-webmvc-5.0.4.RELEASE.jar;E:\tool\repository\org\springframework\spring-aop\5.0.4.RELEASE\spring-aop-5.0.4.RELEASE.jar;E:\tool\repository\org\springframework\spring-context\5.0.4.RELEASE\spring-context-5.0.4.RELEASE.jar;E:\tool\repository\org\springframework\spring-expression\5.0.4.RELEASE\spring-expression-5.0.4.RELEASE.jar;E:\tool\repository\org\mybatis\spring\boot\mybatis-spring-boot-starter\1.3.0\mybatis-spring-boot-starter-1.3.0.jar;E:\tool\repository\org\mybatis\spring\boot\mybatis-spring-boot-autoconfigure\1.3.0\mybatis-spring-boot-autoconfigure-1.3.0.jar;E:\tool\repository\org\mybatis\mybatis\3.4.4\mybatis-3.4.4.jar;E:\tool\repository\org\mybatis\mybatis-spring\1.3.1\mybatis-spring-1.3.1.jar;E:\tool\repository\org\springframework\boot\spring-boot-starter-jdbc\2.0.0.RELEASE\spring-boot-starter-jdbc-2.0.0.RELEASE.jar;E:\tool\repository\com\zaxxer\HikariCP\2.7.8\HikariCP-2.7.8.jar;E:\tool\repository\org\slf4j\slf4j-api\1.7.25\slf4j-api-1.7.25.jar;E:\tool\repository\org\springframework\spring-jdbc\5.0.4.RELEASE\spring-jdbc-5.0.4.RELEASE.jar;E:\tool\repository\org\springframework\boot\spring-boot-starter-quartz\2.0.0.RELEASE\spring-boot-starter-quartz-2.0.0.RELEASE.jar;E:\tool\repository\org\springframework\spring-context-support\5.0.4.RELEASE\spring-context-support-5.0.4.RELEASE.jar;E:\tool\repository\org\springframework\spring-tx\5.0.4.RELEASE\spring-tx-5.0.4.RELEASE.jar;E:\tool\repository\org\quartz-scheduler\quartz\2.3.0\quartz-2.3.0.jar;E:\tool\repository\com\mchange\c3p0\0.9.5.2\c3p0-0.9.5.2.jar;E:\tool\repository\com\mchange\mchange-commons-java\0.2.11\mchange-commons-java-0.2.11.jar;E:\tool\repository\com\zaxxer\HikariCP-java6\2.3.13\HikariCP-java6-2.3.13.jar;E:\tool\repository\com\alibaba\druid\1.0.29\druid-1.0.29.jar;C:\Program Files\Java\jdk1.8.0_121\jre\..\lib\jconsole.jar;C:\Program Files\Java\jdk1.8.0_121\jre\..\lib\tools.jar;E:\tool\repository\joda-time\joda-time\2.9.9\joda-time-2.9.9.jar;E:\tool\repository\com\microsoft\sqlserver\sqljdbc4\4.0\sqljdbc4-4.0.jar;E:\tool\repository\org\springframework\boot\spring-boot-starter\2.0.0.RELEASE\spring-boot-starter-2.0.0.RELEASE.jar;E:\tool\repository\org\springframework\boot\spring-boot\2.0.0.RELEASE\spring-boot-2.0.0.RELEASE.jar;E:\tool\repository\org\springframework\boot\spring-boot-autoconfigure\2.0.0.RELEASE\spring-boot-autoconfigure-2.0.0.RELEASE.jar;E:\tool\repository\javax\annotation\javax.annotation-api\1.3.2\javax.annotation-api-1.3.2.jar;E:\tool\repository\org\springframework\spring-core\5.0.4.RELEASE\spring-core-5.0.4.RELEASE.jar;E:\tool\repository\org\springframework\spring-jcl\5.0.4.RELEASE\spring-jcl-5.0.4.RELEASE.jar;E:\tool\repository\org\yaml\snakeyaml\1.19\snakeyaml-1.19.jar;E:\tool\repository\redis\clients\jedis\2.5.0\jedis-2.5.0.jar;E:\tool\repository\org\apache\commons\commons-pool2\2.5.0\commons-pool2-2.5.0.jar;E:\tool\repository\org\springframework\boot\spring-boot-starter-log4j2\2.0.0.RELEASE\spring-boot-starter-log4j2-2.0.0.RELEASE.jar;E:\tool\repository\org\apache\logging\log4j\log4j-slf4j-impl\2.10.0\log4j-slf4j-impl-2.10.0.jar;E:\tool\repository\org\apache\logging\log4j\log4j-api\2.10.0\log4j-api-2.10.0.jar;E:\tool\repository\org\apache\logging\log4j\log4j-core\2.10.0\log4j-core-2.10.0.jar;E:\tool\repository\org\slf4j\jul-to-slf4j\1.7.25\jul-to-slf4j-1.7.25.jar;E:\tool\repository\xom\xom\1.2.5\xom-1.2.5.jar;E:\tool\repository\xml-apis\xml-apis\1.4.01\xml-apis-1.4.01.jar;E:\tool\repository\xerces\xercesImpl\2.8.0\xercesImpl-2.8.0.jar;E:\tool\repository\xalan\xalan\2.7.0\xalan-2.7.0.jar;E:\tool\repository\net\sf\json-lib\json-lib\2.4\json-lib-2.4-jdk15.jar;E:\tool\repository\commons-beanutils\commons-beanutils\1.8.0\commons-beanutils-1.8.0.jar;E:\tool\repository\commons-collections\commons-collections\3.2.1\commons-collections-3.2.1.jar;E:\tool\repository\commons-lang\commons-lang\2.5\commons-lang-2.5.jar;E:\tool\repository\commons-logging\commons-logging\1.1.1\commons-logging-1.1.1.jar;E:\tool\repository\net\sf\ezmorph\ezmorph\1.0.6\ezmorph-1.0.6.jar;E:\tool\repository\org\apache\ws\commons\axiom\axiom-dom\1.2.20\axiom-dom-1.2.20.jar;E:\tool\repository\org\apache\ws\commons\axiom\axiom-api\1.2.20\axiom-api-1.2.20.jar;E:\tool\repository\org\apache\geronimo\specs\geronimo-activation_1.1_spec\1.1\geronimo-activation_1.1_spec-1.1.jar;E:\tool\repository\jaxen\jaxen\1.1.6\jaxen-1.1.6.jar;E:\tool\repository\org\apache\geronimo\specs\geronimo-stax-api_1.0_spec\1.0.1\geronimo-stax-api_1.0_spec-1.0.1.jar;E:\tool\repository\org\apache\james\apache-mime4j-core\0.7.2\apache-mime4j-core-0.7.2.jar;E:\tool\repository\org\codehaus\woodstox\woodstox-core-asl\4.2.0\woodstox-core-asl-4.2.0.jar;E:\tool\repository\org\codehaus\woodstox\stax2-api\3.1.1\stax2-api-3.1.1.jar;E:\tool\repository\org\springframework\boot\spring-boot-starter-actuator\2.0.0.RELEASE\spring-boot-starter-actuator-2.0.0.RELEASE.jar;E:\tool\repository\org\springframework\boot\spring-boot-actuator-autoconfigure\2.0.0.RELEASE\spring-boot-actuator-autoconfigure-2.0.0.RELEASE.jar;E:\tool\repository\org\springframework\boot\spring-boot-actuator\2.0.0.RELEASE\spring-boot-actuator-2.0.0.RELEASE.jar;E:\tool\repository\io\micrometer\micrometer-core\1.0.1\micrometer-core-1.0.1.jar;E:\tool\repository\org\hdrhistogram\HdrHistogram\2.1.10\HdrHistogram-2.1.10.jar;E:\tool\repository\org\latencyutils\LatencyUtils\2.0.3\LatencyUtils-2.0.3.jar;E:\tool\repository\org\springframework\boot\spring-boot-starter-test\2.0.0.RELEASE\spring-boot-starter-test-2.0.0.RELEASE.jar;E:\tool\repository\org\springframework\boot\spring-boot-test\2.0.0.RELEASE\spring-boot-test-2.0.0.RELEASE.jar;E:\tool\repository\org\springframework\boot\spring-boot-test-autoconfigure\2.0.0.RELEASE\spring-boot-test-autoconfigure-2.0.0.RELEASE.jar;E:\tool\repository\com\jayway\jsonpath\json-path\2.4.0\json-path-2.4.0.jar;E:\tool\repository\net\minidev\json-smart\2.3\json-smart-2.3.jar;E:\tool\repository\net\minidev\accessors-smart\1.2\accessors-smart-1.2.jar;E:\tool\repository\org\ow2\asm\asm\5.0.4\asm-5.0.4.jar;E:\tool\repository\org\assertj\assertj-core\3.9.1\assertj-core-3.9.1.jar;E:\tool\repository\org\mockito\mockito-core\2.15.0\mockito-core-2.15.0.jar;E:\tool\repository\net\bytebuddy\byte-buddy\1.7.10\byte-buddy-1.7.10.jar;E:\tool\repository\net\bytebuddy\byte-buddy-agent\1.7.10\byte-buddy-agent-1.7.10.jar;E:\tool\repository\org\objenesis\objenesis\2.6\objenesis-2.6.jar;E:\tool\repository\org\hamcrest\hamcrest-core\1.3\hamcrest-core-1.3.jar;E:\tool\repository\org\hamcrest\hamcrest-library\1.3\hamcrest-library-1.3.jar;E:\tool\repository\org\skyscreamer\jsonassert\1.5.0\jsonassert-1.5.0.jar;E:\tool\repository\com\vaadin\external\google\android-json\0.0.20131108.vaadin1\android-json-0.0.20131108.vaadin1.jar;E:\tool\repository\org\springframework\spring-test\5.0.4.RELEASE\spring-test-5.0.4.RELEASE.jar;E:\tool\repository\org\xmlunit\xmlunit-core\2.5.1\xmlunit-core-2.5.1.jar;E:\tool\repository\org\springframework\boot\spring-boot-devtools\2.0.0.RELEASE\spring-boot-devtools-2.0.0.RELEASE.jar;"/>
    <property name="java.vm.vendor" value="Oracle Corporation"/>
    <property name="sun.arch.data.model" value="64"/>
    <property name="user.variant" value=""/>
    <property name="java.vendor.url" value="http://java.oracle.com/"/>
    <property name="user.timezone" value=""/>
    <property name="java.vm.specification.version" value="1.8"/>
    <property name="os.name" value="Windows 10"/>
    <property name="user.country" value="CN"/>
    <property name="sun.java.launcher" value="SUN_STANDARD"/>
    <property name="sun.boot.library.path" value="C:\Program Files\Java\jdk1.8.0_121\jre\bin"/>
    <property name="sun.java.command" value="C:\Users\seven\AppData\Local\Temp\surefire5832345117829566870\surefirebooter9125960952274854973.jar C:\Users\seven\AppData\Local\Temp\surefire5832345117829566870 2019-11-06T17-17-43_095-jvmRun1 surefire6438275312750736761tmp surefire_08676275053535037472tmp"/>
    <property name="surefire.test.class.path" value="D:\ideawork\scheduler\sl\target\test-classes;D:\ideawork\scheduler\sl\target\classes;E:\tool\repository\junit\junit\3.8.1\junit-3.8.1.jar;E:\tool\repository\org\apache\commons\commons-lang3\3.7\commons-lang3-3.7.jar;E:\tool\repository\org\springframework\boot\spring-boot-starter-web\2.0.0.RELEASE\spring-boot-starter-web-2.0.0.RELEASE.jar;E:\tool\repository\org\springframework\boot\spring-boot-starter-json\2.0.0.RELEASE\spring-boot-starter-json-2.0.0.RELEASE.jar;E:\tool\repository\com\fasterxml\jackson\core\jackson-databind\2.9.4\jackson-databind-2.9.4.jar;E:\tool\repository\com\fasterxml\jackson\core\jackson-annotations\2.9.0\jackson-annotations-2.9.0.jar;E:\tool\repository\com\fasterxml\jackson\core\jackson-core\2.9.4\jackson-core-2.9.4.jar;E:\tool\repository\com\fasterxml\jackson\datatype\jackson-datatype-jdk8\2.9.4\jackson-datatype-jdk8-2.9.4.jar;E:\tool\repository\com\fasterxml\jackson\datatype\jackson-datatype-jsr310\2.9.4\jackson-datatype-jsr310-2.9.4.jar;E:\tool\repository\com\fasterxml\jackson\module\jackson-module-parameter-names\2.9.4\jackson-module-parameter-names-2.9.4.jar;E:\tool\repository\org\springframework\boot\spring-boot-starter-tomcat\2.0.0.RELEASE\spring-boot-starter-tomcat-2.0.0.RELEASE.jar;E:\tool\repository\org\apache\tomcat\embed\tomcat-embed-core\8.5.28\tomcat-embed-core-8.5.28.jar;E:\tool\repository\org\apache\tomcat\embed\tomcat-embed-el\8.5.28\tomcat-embed-el-8.5.28.jar;E:\tool\repository\org\apache\tomcat\embed\tomcat-embed-websocket\8.5.28\tomcat-embed-websocket-8.5.28.jar;E:\tool\repository\org\hibernate\validator\hibernate-validator\6.0.7.Final\hibernate-validator-6.0.7.Final.jar;E:\tool\repository\javax\validation\validation-api\2.0.1.Final\validation-api-2.0.1.Final.jar;E:\tool\repository\org\jboss\logging\jboss-logging\3.3.2.Final\jboss-logging-3.3.2.Final.jar;E:\tool\repository\com\fasterxml\classmate\1.3.4\classmate-1.3.4.jar;E:\tool\repository\org\springframework\spring-web\5.0.4.RELEASE\spring-web-5.0.4.RELEASE.jar;E:\tool\repository\org\springframework\spring-beans\5.0.4.RELEASE\spring-beans-5.0.4.RELEASE.jar;E:\tool\repository\org\springframework\spring-webmvc\5.0.4.RELEASE\spring-webmvc-5.0.4.RELEASE.jar;E:\tool\repository\org\springframework\spring-aop\5.0.4.RELEASE\spring-aop-5.0.4.RELEASE.jar;E:\tool\repository\org\springframework\spring-context\5.0.4.RELEASE\spring-context-5.0.4.RELEASE.jar;E:\tool\repository\org\springframework\spring-expression\5.0.4.RELEASE\spring-expression-5.0.4.RELEASE.jar;E:\tool\repository\org\mybatis\spring\boot\mybatis-spring-boot-starter\1.3.0\mybatis-spring-boot-starter-1.3.0.jar;E:\tool\repository\org\mybatis\spring\boot\mybatis-spring-boot-autoconfigure\1.3.0\mybatis-spring-boot-autoconfigure-1.3.0.jar;E:\tool\repository\org\mybatis\mybatis\3.4.4\mybatis-3.4.4.jar;E:\tool\repository\org\mybatis\mybatis-spring\1.3.1\mybatis-spring-1.3.1.jar;E:\tool\repository\org\springframework\boot\spring-boot-starter-jdbc\2.0.0.RELEASE\spring-boot-starter-jdbc-2.0.0.RELEASE.jar;E:\tool\repository\com\zaxxer\HikariCP\2.7.8\HikariCP-2.7.8.jar;E:\tool\repository\org\slf4j\slf4j-api\1.7.25\slf4j-api-1.7.25.jar;E:\tool\repository\org\springframework\spring-jdbc\5.0.4.RELEASE\spring-jdbc-5.0.4.RELEASE.jar;E:\tool\repository\org\springframework\boot\spring-boot-starter-quartz\2.0.0.RELEASE\spring-boot-starter-quartz-2.0.0.RELEASE.jar;E:\tool\repository\org\springframework\spring-context-support\5.0.4.RELEASE\spring-context-support-5.0.4.RELEASE.jar;E:\tool\repository\org\springframework\spring-tx\5.0.4.RELEASE\spring-tx-5.0.4.RELEASE.jar;E:\tool\repository\org\quartz-scheduler\quartz\2.3.0\quartz-2.3.0.jar;E:\tool\repository\com\mchange\c3p0\0.9.5.2\c3p0-0.9.5.2.jar;E:\tool\repository\com\mchange\mchange-commons-java\0.2.11\mchange-commons-java-0.2.11.jar;E:\tool\repository\com\zaxxer\HikariCP-java6\2.3.13\HikariCP-java6-2.3.13.jar;E:\tool\repository\com\alibaba\druid\1.0.29\druid-1.0.29.jar;C:\Program Files\Java\jdk1.8.0_121\jre\..\lib\jconsole.jar;C:\Program Files\Java\jdk1.8.0_121\jre\..\lib\tools.jar;E:\tool\repository\joda-time\joda-time\2.9.9\joda-time-2.9.9.jar;E:\tool\repository\com\microsoft\sqlserver\sqljdbc4\4.0\sqljdbc4-4.0.jar;E:\tool\repository\org\springframework\boot\spring-boot-starter\2.0.0.RELEASE\spring-boot-starter-2.0.0.RELEASE.jar;E:\tool\repository\org\springframework\boot\spring-boot\2.0.0.RELEASE\spring-boot-2.0.0.RELEASE.jar;E:\tool\repository\org\springframework\boot\spring-boot-autoconfigure\2.0.0.RELEASE\spring-boot-autoconfigure-2.0.0.RELEASE.jar;E:\tool\repository\javax\annotation\javax.annotation-api\1.3.2\javax.annotation-api-1.3.2.jar;E:\tool\repository\org\springframework\spring-core\5.0.4.RELEASE\spring-core-5.0.4.RELEASE.jar;E:\tool\repository\org\springframework\spring-jcl\5.0.4.RELEASE\spring-jcl-5.0.4.RELEASE.jar;E:\tool\repository\org\yaml\snakeyaml\1.19\snakeyaml-1.19.jar;E:\tool\repository\redis\clients\jedis\2.5.0\jedis-2.5.0.jar;E:\tool\repository\org\apache\commons\commons-pool2\2.5.0\commons-pool2-2.5.0.jar;E:\tool\repository\org\springframework\boot\spring-boot-starter-log4j2\2.0.0.RELEASE\spring-boot-starter-log4j2-2.0.0.RELEASE.jar;E:\tool\repository\org\apache\logging\log4j\log4j-slf4j-impl\2.10.0\log4j-slf4j-impl-2.10.0.jar;E:\tool\repository\org\apache\logging\log4j\log4j-api\2.10.0\log4j-api-2.10.0.jar;E:\tool\repository\org\apache\logging\log4j\log4j-core\2.10.0\log4j-core-2.10.0.jar;E:\tool\repository\org\slf4j\jul-to-slf4j\1.7.25\jul-to-slf4j-1.7.25.jar;E:\tool\repository\xom\xom\1.2.5\xom-1.2.5.jar;E:\tool\repository\xml-apis\xml-apis\1.4.01\xml-apis-1.4.01.jar;E:\tool\repository\xerces\xercesImpl\2.8.0\xercesImpl-2.8.0.jar;E:\tool\repository\xalan\xalan\2.7.0\xalan-2.7.0.jar;E:\tool\repository\net\sf\json-lib\json-lib\2.4\json-lib-2.4-jdk15.jar;E:\tool\repository\commons-beanutils\commons-beanutils\1.8.0\commons-beanutils-1.8.0.jar;E:\tool\repository\commons-collections\commons-collections\3.2.1\commons-collections-3.2.1.jar;E:\tool\repository\commons-lang\commons-lang\2.5\commons-lang-2.5.jar;E:\tool\repository\commons-logging\commons-logging\1.1.1\commons-logging-1.1.1.jar;E:\tool\repository\net\sf\ezmorph\ezmorph\1.0.6\ezmorph-1.0.6.jar;E:\tool\repository\org\apache\ws\commons\axiom\axiom-dom\1.2.20\axiom-dom-1.2.20.jar;E:\tool\repository\org\apache\ws\commons\axiom\axiom-api\1.2.20\axiom-api-1.2.20.jar;E:\tool\repository\org\apache\geronimo\specs\geronimo-activation_1.1_spec\1.1\geronimo-activation_1.1_spec-1.1.jar;E:\tool\repository\jaxen\jaxen\1.1.6\jaxen-1.1.6.jar;E:\tool\repository\org\apache\geronimo\specs\geronimo-stax-api_1.0_spec\1.0.1\geronimo-stax-api_1.0_spec-1.0.1.jar;E:\tool\repository\org\apache\james\apache-mime4j-core\0.7.2\apache-mime4j-core-0.7.2.jar;E:\tool\repository\org\codehaus\woodstox\woodstox-core-asl\4.2.0\woodstox-core-asl-4.2.0.jar;E:\tool\repository\org\codehaus\woodstox\stax2-api\3.1.1\stax2-api-3.1.1.jar;E:\tool\repository\org\springframework\boot\spring-boot-starter-actuator\2.0.0.RELEASE\spring-boot-starter-actuator-2.0.0.RELEASE.jar;E:\tool\repository\org\springframework\boot\spring-boot-actuator-autoconfigure\2.0.0.RELEASE\spring-boot-actuator-autoconfigure-2.0.0.RELEASE.jar;E:\tool\repository\org\springframework\boot\spring-boot-actuator\2.0.0.RELEASE\spring-boot-actuator-2.0.0.RELEASE.jar;E:\tool\repository\io\micrometer\micrometer-core\1.0.1\micrometer-core-1.0.1.jar;E:\tool\repository\org\hdrhistogram\HdrHistogram\2.1.10\HdrHistogram-2.1.10.jar;E:\tool\repository\org\latencyutils\LatencyUtils\2.0.3\LatencyUtils-2.0.3.jar;E:\tool\repository\org\springframework\boot\spring-boot-starter-test\2.0.0.RELEASE\spring-boot-starter-test-2.0.0.RELEASE.jar;E:\tool\repository\org\springframework\boot\spring-boot-test\2.0.0.RELEASE\spring-boot-test-2.0.0.RELEASE.jar;E:\tool\repository\org\springframework\boot\spring-boot-test-autoconfigure\2.0.0.RELEASE\spring-boot-test-autoconfigure-2.0.0.RELEASE.jar;E:\tool\repository\com\jayway\jsonpath\json-path\2.4.0\json-path-2.4.0.jar;E:\tool\repository\net\minidev\json-smart\2.3\json-smart-2.3.jar;E:\tool\repository\net\minidev\accessors-smart\1.2\accessors-smart-1.2.jar;E:\tool\repository\org\ow2\asm\asm\5.0.4\asm-5.0.4.jar;E:\tool\repository\org\assertj\assertj-core\3.9.1\assertj-core-3.9.1.jar;E:\tool\repository\org\mockito\mockito-core\2.15.0\mockito-core-2.15.0.jar;E:\tool\repository\net\bytebuddy\byte-buddy\1.7.10\byte-buddy-1.7.10.jar;E:\tool\repository\net\bytebuddy\byte-buddy-agent\1.7.10\byte-buddy-agent-1.7.10.jar;E:\tool\repository\org\objenesis\objenesis\2.6\objenesis-2.6.jar;E:\tool\repository\org\hamcrest\hamcrest-core\1.3\hamcrest-core-1.3.jar;E:\tool\repository\org\hamcrest\hamcrest-library\1.3\hamcrest-library-1.3.jar;E:\tool\repository\org\skyscreamer\jsonassert\1.5.0\jsonassert-1.5.0.jar;E:\tool\repository\com\vaadin\external\google\android-json\0.0.20131108.vaadin1\android-json-0.0.20131108.vaadin1.jar;E:\tool\repository\org\springframework\spring-test\5.0.4.RELEASE\spring-test-5.0.4.RELEASE.jar;E:\tool\repository\org\xmlunit\xmlunit-core\2.5.1\xmlunit-core-2.5.1.jar;E:\tool\repository\org\springframework\boot\spring-boot-devtools\2.0.0.RELEASE\spring-boot-devtools-2.0.0.RELEASE.jar;"/>
    <property name="sun.cpu.endian" value="little"/>
    <property name="user.home" value="C:\Users\seven"/>
    <property name="user.language" value="zh"/>
    <property name="java.specification.vendor" value="Oracle Corporation"/>
    <property name="java.home" value="C:\Program Files\Java\jdk1.8.0_121\jre"/>
    <property name="basedir" value="D:\ideawork\scheduler\sl"/>
    <property name="file.separator" value="\"/>
    <property name="line.separator" value="&#10;"/>
    <property name="java.vm.specification.vendor" value="Oracle Corporation"/>
    <property name="java.specification.name" value="Java Platform API Specification"/>
    <property name="java.awt.graphicsenv" value="sun.awt.Win32GraphicsEnvironment"/>
    <property name="surefire.real.class.path" value="C:\Users\seven\AppData\Local\Temp\surefire5832345117829566870\surefirebooter9125960952274854973.jar"/>
    <property name="sun.boot.class.path" value="C:\Program Files\Java\jdk1.8.0_121\jre\lib\resources.jar;C:\Program Files\Java\jdk1.8.0_121\jre\lib\rt.jar;C:\Program Files\Java\jdk1.8.0_121\jre\lib\sunrsasign.jar;C:\Program Files\Java\jdk1.8.0_121\jre\lib\jsse.jar;C:\Program Files\Java\jdk1.8.0_121\jre\lib\jce.jar;C:\Program Files\Java\jdk1.8.0_121\jre\lib\charsets.jar;C:\Program Files\Java\jdk1.8.0_121\jre\lib\jfr.jar;C:\Program Files\Java\jdk1.8.0_121\jre\classes"/>
    <property name="user.script" value=""/>
    <property name="sun.management.compiler" value="HotSpot 64-Bit Tiered Compilers"/>
    <property name="java.runtime.version" value="1.8.0_121-b13"/>
    <property name="user.name" value="seven"/>
    <property name="path.separator" value=";"/>
    <property name="os.version" value="10.0"/>
    <property name="java.endorsed.dirs" value="C:\Program Files\Java\jdk1.8.0_121\jre\lib\endorsed"/>
    <property name="java.runtime.name" value="Java(TM) SE Runtime Environment"/>
    <property name="file.encoding" value="GBK"/>
    <property name="java.vm.name" value="Java HotSpot(TM) 64-Bit Server VM"/>
    <property name="localRepository" value="E:\tool\repository"/>
    <property name="java.vendor.url.bug" value="http://bugreport.sun.com/bugreport/"/>
    <property name="java.io.tmpdir" value="C:\Users\seven\AppData\Local\Temp\"/>
    <property name="java.version" value="1.8.0_121"/>
    <property name="user.dir" value="D:\ideawork\scheduler\sl"/>
    <property name="os.arch" value="amd64"/>
    <property name="java.vm.specification.name" value="Java Virtual Machine Specification"/>
    <property name="java.awt.printerjob" value="sun.awt.windows.WPrinterJob"/>
    <property name="sun.os.patch.level" value=""/>
    <property name="java.library.path" value="C:\Program Files\Java\jdk1.8.0_121\jre\bin;C:\WINDOWS\Sun\Java\bin;C:\WINDOWS\system32;C:\WINDOWS;C:\ProgramData\Oracle\Java\javapath;C:\WINDOWS\system32;C:\WINDOWS;C:\WINDOWS\System32\Wbem;C:\WINDOWS\System32\WindowsPowerShell\v1.0\;C:\WINDOWS\System32\OpenSSH\;C:\Program Files\Java\jdk1.8.0_121\bin;D:\tool\Git\cmd;C:\Program Files\nodejs\;D:\tool\apache-maven-3.3.9\bin;C:\Users\seven\AppData\Local\Microsoft\WindowsApps;C:\Users\seven\AppData\Roaming\npm;D:\tool\Microsoft VS Code\bin;."/>
    <property name="java.vm.info" value="mixed mode"/>
    <property name="java.vendor" value="Oracle Corporation"/>
    <property name="java.vm.version" value="25.121-b13"/>
    <property name="java.ext.dirs" value="C:\Program Files\Java\jdk1.8.0_121\jre\lib\ext;C:\WINDOWS\Sun\Java\lib\ext"/>
    <property name="sun.io.unicode.encoding" value="UnicodeLittle"/>
    <property name="java.class.version" value="52.0"/>
  </properties>
  <testcase name="testApp" classname="cn.xeonsoft.worker.task.AppTest" time="0.001"/>
</testsuite>