<?xml version="1.0" encoding="UTF-8"?>
<testsuite xmlns:xsi="http://www.w3.org/2001/XMLSchema-instance" xsi:noNamespaceSchemaLocation="https://maven.apache.org/surefire/maven-surefire-plugin/xsd/surefire-test-report.xsd" name="cn.xeonsoft.worker.task.AppTest" time="0.003" tests="1" errors="0" skipped="0" failures="0">
  <properties>
    <property name="sun.desktop" value="windows"/>
    <property name="awt.toolkit" value="sun.awt.windows.WToolkit"/>
    <property name="file.encoding.pkg" value="sun.io"/>
    <property name="java.specification.version" value="1.8"/>
    <property name="sun.cpu.isalist" value="amd64"/>
    <property name="sun.jnu.encoding" value="GBK"/>
    <property name="java.class.path" value="E:\Workspace\JobWorkspace\scheduler\sl\target\test-classes;E:\Workspace\JobWorkspace\scheduler\sl\target\classes;F:\repository\junit\junit\3.8.1\junit-3.8.1.jar;F:\repository\org\apache\commons\commons-lang3\3.7\commons-lang3-3.7.jar;F:\repository\org\springframework\boot\spring-boot-starter-web\2.0.0.RELEASE\spring-boot-starter-web-2.0.0.RELEASE.jar;F:\repository\org\springframework\boot\spring-boot-starter-json\2.0.0.RELEASE\spring-boot-starter-json-2.0.0.RELEASE.jar;F:\repository\com\fasterxml\jackson\core\jackson-databind\2.9.4\jackson-databind-2.9.4.jar;F:\repository\com\fasterxml\jackson\core\jackson-annotations\2.9.0\jackson-annotations-2.9.0.jar;F:\repository\com\fasterxml\jackson\core\jackson-core\2.9.4\jackson-core-2.9.4.jar;F:\repository\com\fasterxml\jackson\datatype\jackson-datatype-jdk8\2.9.4\jackson-datatype-jdk8-2.9.4.jar;F:\repository\com\fasterxml\jackson\datatype\jackson-datatype-jsr310\2.9.4\jackson-datatype-jsr310-2.9.4.jar;F:\repository\com\fasterxml\jackson\module\jackson-module-parameter-names\2.9.4\jackson-module-parameter-names-2.9.4.jar;F:\repository\org\springframework\boot\spring-boot-starter-tomcat\2.0.0.RELEASE\spring-boot-starter-tomcat-2.0.0.RELEASE.jar;F:\repository\org\apache\tomcat\embed\tomcat-embed-core\8.5.28\tomcat-embed-core-8.5.28.jar;F:\repository\org\apache\tomcat\embed\tomcat-embed-el\8.5.28\tomcat-embed-el-8.5.28.jar;F:\repository\org\apache\tomcat\embed\tomcat-embed-websocket\8.5.28\tomcat-embed-websocket-8.5.28.jar;F:\repository\org\hibernate\validator\hibernate-validator\6.0.7.Final\hibernate-validator-6.0.7.Final.jar;F:\repository\javax\validation\validation-api\2.0.1.Final\validation-api-2.0.1.Final.jar;F:\repository\org\jboss\logging\jboss-logging\3.3.2.Final\jboss-logging-3.3.2.Final.jar;F:\repository\com\fasterxml\classmate\1.3.4\classmate-1.3.4.jar;F:\repository\org\springframework\spring-web\5.0.4.RELEASE\spring-web-5.0.4.RELEASE.jar;F:\repository\org\springframework\spring-beans\5.0.4.RELEASE\spring-beans-5.0.4.RELEASE.jar;F:\repository\org\springframework\spring-webmvc\5.0.4.RELEASE\spring-webmvc-5.0.4.RELEASE.jar;F:\repository\org\springframework\spring-aop\5.0.4.RELEASE\spring-aop-5.0.4.RELEASE.jar;F:\repository\org\springframework\spring-context\5.0.4.RELEASE\spring-context-5.0.4.RELEASE.jar;F:\repository\org\springframework\spring-expression\5.0.4.RELEASE\spring-expression-5.0.4.RELEASE.jar;F:\repository\org\mybatis\spring\boot\mybatis-spring-boot-starter\1.3.0\mybatis-spring-boot-starter-1.3.0.jar;F:\repository\org\mybatis\spring\boot\mybatis-spring-boot-autoconfigure\1.3.0\mybatis-spring-boot-autoconfigure-1.3.0.jar;F:\repository\org\mybatis\mybatis\3.4.4\mybatis-3.4.4.jar;F:\repository\org\mybatis\mybatis-spring\1.3.1\mybatis-spring-1.3.1.jar;F:\repository\org\springframework\boot\spring-boot-starter-jdbc\2.0.0.RELEASE\spring-boot-starter-jdbc-2.0.0.RELEASE.jar;F:\repository\com\zaxxer\HikariCP\2.7.8\HikariCP-2.7.8.jar;F:\repository\org\slf4j\slf4j-api\1.7.25\slf4j-api-1.7.25.jar;F:\repository\org\springframework\spring-jdbc\5.0.4.RELEASE\spring-jdbc-5.0.4.RELEASE.jar;F:\repository\org\springframework\boot\spring-boot-starter-quartz\2.0.0.RELEASE\spring-boot-starter-quartz-2.0.0.RELEASE.jar;F:\repository\org\springframework\spring-context-support\5.0.4.RELEASE\spring-context-support-5.0.4.RELEASE.jar;F:\repository\org\springframework\spring-tx\5.0.4.RELEASE\spring-tx-5.0.4.RELEASE.jar;F:\repository\org\quartz-scheduler\quartz\2.3.0\quartz-2.3.0.jar;F:\repository\com\mchange\c3p0\0.9.5.2\c3p0-0.9.5.2.jar;F:\repository\com\mchange\mchange-commons-java\0.2.11\mchange-commons-java-0.2.11.jar;F:\repository\com\zaxxer\HikariCP-java6\2.3.13\HikariCP-java6-2.3.13.jar;F:\repository\com\alibaba\druid\1.0.29\druid-1.0.29.jar;D:\Work\Java\jdk1.8.0_181\jre\..\lib\jconsole.jar;D:\Work\Java\jdk1.8.0_181\jre\..\lib\tools.jar;F:\repository\joda-time\joda-time\2.9.9\joda-time-2.9.9.jar;F:\repository\com\microsoft\sqlserver\sqljdbc4\4.0\sqljdbc4-4.0.jar;F:\repository\org\springframework\boot\spring-boot-starter\2.0.0.RELEASE\spring-boot-starter-2.0.0.RELEASE.jar;F:\repository\org\springframework\boot\spring-boot\2.0.0.RELEASE\spring-boot-2.0.0.RELEASE.jar;F:\repository\org\springframework\boot\spring-boot-autoconfigure\2.0.0.RELEASE\spring-boot-autoconfigure-2.0.0.RELEASE.jar;F:\repository\javax\annotation\javax.annotation-api\1.3.2\javax.annotation-api-1.3.2.jar;F:\repository\org\springframework\spring-core\5.0.4.RELEASE\spring-core-5.0.4.RELEASE.jar;F:\repository\org\springframework\spring-jcl\5.0.4.RELEASE\spring-jcl-5.0.4.RELEASE.jar;F:\repository\org\yaml\snakeyaml\1.19\snakeyaml-1.19.jar;F:\repository\redis\clients\jedis\2.5.0\jedis-2.5.0.jar;F:\repository\org\apache\commons\commons-pool2\2.5.0\commons-pool2-2.5.0.jar;F:\repository\org\springframework\boot\spring-boot-starter-log4j2\2.0.0.RELEASE\spring-boot-starter-log4j2-2.0.0.RELEASE.jar;F:\repository\org\apache\logging\log4j\log4j-slf4j-impl\2.10.0\log4j-slf4j-impl-2.10.0.jar;F:\repository\org\apache\logging\log4j\log4j-api\2.10.0\log4j-api-2.10.0.jar;F:\repository\org\apache\logging\log4j\log4j-core\2.10.0\log4j-core-2.10.0.jar;F:\repository\org\slf4j\jul-to-slf4j\1.7.25\jul-to-slf4j-1.7.25.jar;F:\repository\org\springframework\boot\spring-boot-starter-actuator\2.0.0.RELEASE\spring-boot-starter-actuator-2.0.0.RELEASE.jar;F:\repository\org\springframework\boot\spring-boot-actuator-autoconfigure\2.0.0.RELEASE\spring-boot-actuator-autoconfigure-2.0.0.RELEASE.jar;F:\repository\org\springframework\boot\spring-boot-actuator\2.0.0.RELEASE\spring-boot-actuator-2.0.0.RELEASE.jar;F:\repository\io\micrometer\micrometer-core\1.0.1\micrometer-core-1.0.1.jar;F:\repository\org\hdrhistogram\HdrHistogram\2.1.10\HdrHistogram-2.1.10.jar;F:\repository\org\latencyutils\LatencyUtils\2.0.3\LatencyUtils-2.0.3.jar;F:\repository\org\springframework\boot\spring-boot-starter-test\2.0.0.RELEASE\spring-boot-starter-test-2.0.0.RELEASE.jar;F:\repository\org\springframework\boot\spring-boot-test\2.0.0.RELEASE\spring-boot-test-2.0.0.RELEASE.jar;F:\repository\org\springframework\boot\spring-boot-test-autoconfigure\2.0.0.RELEASE\spring-boot-test-autoconfigure-2.0.0.RELEASE.jar;F:\repository\com\jayway\jsonpath\json-path\2.4.0\json-path-2.4.0.jar;F:\repository\net\minidev\json-smart\2.3\json-smart-2.3.jar;F:\repository\net\minidev\accessors-smart\1.2\accessors-smart-1.2.jar;F:\repository\org\ow2\asm\asm\5.0.4\asm-5.0.4.jar;F:\repository\org\assertj\assertj-core\3.9.1\assertj-core-3.9.1.jar;F:\repository\org\mockito\mockito-core\2.15.0\mockito-core-2.15.0.jar;F:\repository\net\bytebuddy\byte-buddy\1.7.10\byte-buddy-1.7.10.jar;F:\repository\net\bytebuddy\byte-buddy-agent\1.7.10\byte-buddy-agent-1.7.10.jar;F:\repository\org\objenesis\objenesis\2.6\objenesis-2.6.jar;F:\repository\org\hamcrest\hamcrest-core\1.3\hamcrest-core-1.3.jar;F:\repository\org\hamcrest\hamcrest-library\1.3\hamcrest-library-1.3.jar;F:\repository\org\skyscreamer\jsonassert\1.5.0\jsonassert-1.5.0.jar;F:\repository\com\vaadin\external\google\android-json\0.0.20131108.vaadin1\android-json-0.0.20131108.vaadin1.jar;F:\repository\org\springframework\spring-test\5.0.4.RELEASE\spring-test-5.0.4.RELEASE.jar;F:\repository\org\xmlunit\xmlunit-core\2.5.1\xmlunit-core-2.5.1.jar;F:\repository\org\springframework\boot\spring-boot-devtools\2.0.0.RELEASE\spring-boot-devtools-2.0.0.RELEASE.jar;"/>
    <property name="java.vm.vendor" value="Oracle Corporation"/>
    <property name="sun.arch.data.model" value="64"/>
    <property name="user.variant" value=""/>
    <property name="java.vendor.url" value="http://java.oracle.com/"/>
    <property name="user.timezone" value=""/>
    <property name="java.vm.specification.version" value="1.8"/>
    <property name="os.name" value="Windows 10"/>
    <property name="user.country" value="US"/>
    <property name="sun.java.launcher" value="SUN_STANDARD"/>
    <property name="sun.boot.library.path" value="D:\Work\Java\jdk1.8.0_181\jre\bin"/>
    <property name="sun.java.command" value="C:\Users\WANTWA~1\AppData\Local\Temp\surefire4047218320762624073\surefirebooter6134111425093012133.jar C:\Users\wantwantxu\AppData\Local\Temp\surefire4047218320762624073 2018-08-27T09-03-38_682-jvmRun1 surefire2336407085526711441tmp surefire_0921932630722668473tmp"/>
    <property name="surefire.test.class.path" value="E:\Workspace\JobWorkspace\scheduler\sl\target\test-classes;E:\Workspace\JobWorkspace\scheduler\sl\target\classes;F:\repository\junit\junit\3.8.1\junit-3.8.1.jar;F:\repository\org\apache\commons\commons-lang3\3.7\commons-lang3-3.7.jar;F:\repository\org\springframework\boot\spring-boot-starter-web\2.0.0.RELEASE\spring-boot-starter-web-2.0.0.RELEASE.jar;F:\repository\org\springframework\boot\spring-boot-starter-json\2.0.0.RELEASE\spring-boot-starter-json-2.0.0.RELEASE.jar;F:\repository\com\fasterxml\jackson\core\jackson-databind\2.9.4\jackson-databind-2.9.4.jar;F:\repository\com\fasterxml\jackson\core\jackson-annotations\2.9.0\jackson-annotations-2.9.0.jar;F:\repository\com\fasterxml\jackson\core\jackson-core\2.9.4\jackson-core-2.9.4.jar;F:\repository\com\fasterxml\jackson\datatype\jackson-datatype-jdk8\2.9.4\jackson-datatype-jdk8-2.9.4.jar;F:\repository\com\fasterxml\jackson\datatype\jackson-datatype-jsr310\2.9.4\jackson-datatype-jsr310-2.9.4.jar;F:\repository\com\fasterxml\jackson\module\jackson-module-parameter-names\2.9.4\jackson-module-parameter-names-2.9.4.jar;F:\repository\org\springframework\boot\spring-boot-starter-tomcat\2.0.0.RELEASE\spring-boot-starter-tomcat-2.0.0.RELEASE.jar;F:\repository\org\apache\tomcat\embed\tomcat-embed-core\8.5.28\tomcat-embed-core-8.5.28.jar;F:\repository\org\apache\tomcat\embed\tomcat-embed-el\8.5.28\tomcat-embed-el-8.5.28.jar;F:\repository\org\apache\tomcat\embed\tomcat-embed-websocket\8.5.28\tomcat-embed-websocket-8.5.28.jar;F:\repository\org\hibernate\validator\hibernate-validator\6.0.7.Final\hibernate-validator-6.0.7.Final.jar;F:\repository\javax\validation\validation-api\2.0.1.Final\validation-api-2.0.1.Final.jar;F:\repository\org\jboss\logging\jboss-logging\3.3.2.Final\jboss-logging-3.3.2.Final.jar;F:\repository\com\fasterxml\classmate\1.3.4\classmate-1.3.4.jar;F:\repository\org\springframework\spring-web\5.0.4.RELEASE\spring-web-5.0.4.RELEASE.jar;F:\repository\org\springframework\spring-beans\5.0.4.RELEASE\spring-beans-5.0.4.RELEASE.jar;F:\repository\org\springframework\spring-webmvc\5.0.4.RELEASE\spring-webmvc-5.0.4.RELEASE.jar;F:\repository\org\springframework\spring-aop\5.0.4.RELEASE\spring-aop-5.0.4.RELEASE.jar;F:\repository\org\springframework\spring-context\5.0.4.RELEASE\spring-context-5.0.4.RELEASE.jar;F:\repository\org\springframework\spring-expression\5.0.4.RELEASE\spring-expression-5.0.4.RELEASE.jar;F:\repository\org\mybatis\spring\boot\mybatis-spring-boot-starter\1.3.0\mybatis-spring-boot-starter-1.3.0.jar;F:\repository\org\mybatis\spring\boot\mybatis-spring-boot-autoconfigure\1.3.0\mybatis-spring-boot-autoconfigure-1.3.0.jar;F:\repository\org\mybatis\mybatis\3.4.4\mybatis-3.4.4.jar;F:\repository\org\mybatis\mybatis-spring\1.3.1\mybatis-spring-1.3.1.jar;F:\repository\org\springframework\boot\spring-boot-starter-jdbc\2.0.0.RELEASE\spring-boot-starter-jdbc-2.0.0.RELEASE.jar;F:\repository\com\zaxxer\HikariCP\2.7.8\HikariCP-2.7.8.jar;F:\repository\org\slf4j\slf4j-api\1.7.25\slf4j-api-1.7.25.jar;F:\repository\org\springframework\spring-jdbc\5.0.4.RELEASE\spring-jdbc-5.0.4.RELEASE.jar;F:\repository\org\springframework\boot\spring-boot-starter-quartz\2.0.0.RELEASE\spring-boot-starter-quartz-2.0.0.RELEASE.jar;F:\repository\org\springframework\spring-context-support\5.0.4.RELEASE\spring-context-support-5.0.4.RELEASE.jar;F:\repository\org\springframework\spring-tx\5.0.4.RELEASE\spring-tx-5.0.4.RELEASE.jar;F:\repository\org\quartz-scheduler\quartz\2.3.0\quartz-2.3.0.jar;F:\repository\com\mchange\c3p0\0.9.5.2\c3p0-0.9.5.2.jar;F:\repository\com\mchange\mchange-commons-java\0.2.11\mchange-commons-java-0.2.11.jar;F:\repository\com\zaxxer\HikariCP-java6\2.3.13\HikariCP-java6-2.3.13.jar;F:\repository\com\alibaba\druid\1.0.29\druid-1.0.29.jar;D:\Work\Java\jdk1.8.0_181\jre\..\lib\jconsole.jar;D:\Work\Java\jdk1.8.0_181\jre\..\lib\tools.jar;F:\repository\joda-time\joda-time\2.9.9\joda-time-2.9.9.jar;F:\repository\com\microsoft\sqlserver\sqljdbc4\4.0\sqljdbc4-4.0.jar;F:\repository\org\springframework\boot\spring-boot-starter\2.0.0.RELEASE\spring-boot-starter-2.0.0.RELEASE.jar;F:\repository\org\springframework\boot\spring-boot\2.0.0.RELEASE\spring-boot-2.0.0.RELEASE.jar;F:\repository\org\springframework\boot\spring-boot-autoconfigure\2.0.0.RELEASE\spring-boot-autoconfigure-2.0.0.RELEASE.jar;F:\repository\javax\annotation\javax.annotation-api\1.3.2\javax.annotation-api-1.3.2.jar;F:\repository\org\springframework\spring-core\5.0.4.RELEASE\spring-core-5.0.4.RELEASE.jar;F:\repository\org\springframework\spring-jcl\5.0.4.RELEASE\spring-jcl-5.0.4.RELEASE.jar;F:\repository\org\yaml\snakeyaml\1.19\snakeyaml-1.19.jar;F:\repository\redis\clients\jedis\2.5.0\jedis-2.5.0.jar;F:\repository\org\apache\commons\commons-pool2\2.5.0\commons-pool2-2.5.0.jar;F:\repository\org\springframework\boot\spring-boot-starter-log4j2\2.0.0.RELEASE\spring-boot-starter-log4j2-2.0.0.RELEASE.jar;F:\repository\org\apache\logging\log4j\log4j-slf4j-impl\2.10.0\log4j-slf4j-impl-2.10.0.jar;F:\repository\org\apache\logging\log4j\log4j-api\2.10.0\log4j-api-2.10.0.jar;F:\repository\org\apache\logging\log4j\log4j-core\2.10.0\log4j-core-2.10.0.jar;F:\repository\org\slf4j\jul-to-slf4j\1.7.25\jul-to-slf4j-1.7.25.jar;F:\repository\org\springframework\boot\spring-boot-starter-actuator\2.0.0.RELEASE\spring-boot-starter-actuator-2.0.0.RELEASE.jar;F:\repository\org\springframework\boot\spring-boot-actuator-autoconfigure\2.0.0.RELEASE\spring-boot-actuator-autoconfigure-2.0.0.RELEASE.jar;F:\repository\org\springframework\boot\spring-boot-actuator\2.0.0.RELEASE\spring-boot-actuator-2.0.0.RELEASE.jar;F:\repository\io\micrometer\micrometer-core\1.0.1\micrometer-core-1.0.1.jar;F:\repository\org\hdrhistogram\HdrHistogram\2.1.10\HdrHistogram-2.1.10.jar;F:\repository\org\latencyutils\LatencyUtils\2.0.3\LatencyUtils-2.0.3.jar;F:\repository\org\springframework\boot\spring-boot-starter-test\2.0.0.RELEASE\spring-boot-starter-test-2.0.0.RELEASE.jar;F:\repository\org\springframework\boot\spring-boot-test\2.0.0.RELEASE\spring-boot-test-2.0.0.RELEASE.jar;F:\repository\org\springframework\boot\spring-boot-test-autoconfigure\2.0.0.RELEASE\spring-boot-test-autoconfigure-2.0.0.RELEASE.jar;F:\repository\com\jayway\jsonpath\json-path\2.4.0\json-path-2.4.0.jar;F:\repository\net\minidev\json-smart\2.3\json-smart-2.3.jar;F:\repository\net\minidev\accessors-smart\1.2\accessors-smart-1.2.jar;F:\repository\org\ow2\asm\asm\5.0.4\asm-5.0.4.jar;F:\repository\org\assertj\assertj-core\3.9.1\assertj-core-3.9.1.jar;F:\repository\org\mockito\mockito-core\2.15.0\mockito-core-2.15.0.jar;F:\repository\net\bytebuddy\byte-buddy\1.7.10\byte-buddy-1.7.10.jar;F:\repository\net\bytebuddy\byte-buddy-agent\1.7.10\byte-buddy-agent-1.7.10.jar;F:\repository\org\objenesis\objenesis\2.6\objenesis-2.6.jar;F:\repository\org\hamcrest\hamcrest-core\1.3\hamcrest-core-1.3.jar;F:\repository\org\hamcrest\hamcrest-library\1.3\hamcrest-library-1.3.jar;F:\repository\org\skyscreamer\jsonassert\1.5.0\jsonassert-1.5.0.jar;F:\repository\com\vaadin\external\google\android-json\0.0.20131108.vaadin1\android-json-0.0.20131108.vaadin1.jar;F:\repository\org\springframework\spring-test\5.0.4.RELEASE\spring-test-5.0.4.RELEASE.jar;F:\repository\org\xmlunit\xmlunit-core\2.5.1\xmlunit-core-2.5.1.jar;F:\repository\org\springframework\boot\spring-boot-devtools\2.0.0.RELEASE\spring-boot-devtools-2.0.0.RELEASE.jar;"/>
    <property name="sun.cpu.endian" value="little"/>
    <property name="user.home" value="C:\Users\wantwantxu"/>
    <property name="user.language" value="en"/>
    <property name="java.specification.vendor" value="Oracle Corporation"/>
    <property name="java.home" value="D:\Work\Java\jdk1.8.0_181\jre"/>
    <property name="basedir" value="E:\Workspace\JobWorkspace\scheduler\sl"/>
    <property name="file.separator" value="\"/>
    <property name="line.separator" value="&#10;"/>
    <property name="java.vm.specification.vendor" value="Oracle Corporation"/>
    <property name="java.specification.name" value="Java Platform API Specification"/>
    <property name="java.awt.graphicsenv" value="sun.awt.Win32GraphicsEnvironment"/>
    <property name="surefire.real.class.path" value="C:\Users\WANTWA~1\AppData\Local\Temp\surefire4047218320762624073\surefirebooter6134111425093012133.jar"/>
    <property name="sun.boot.class.path" value="D:\Work\Java\jdk1.8.0_181\jre\lib\resources.jar;D:\Work\Java\jdk1.8.0_181\jre\lib\rt.jar;D:\Work\Java\jdk1.8.0_181\jre\lib\sunrsasign.jar;D:\Work\Java\jdk1.8.0_181\jre\lib\jsse.jar;D:\Work\Java\jdk1.8.0_181\jre\lib\jce.jar;D:\Work\Java\jdk1.8.0_181\jre\lib\charsets.jar;D:\Work\Java\jdk1.8.0_181\jre\lib\jfr.jar;D:\Work\Java\jdk1.8.0_181\jre\classes"/>
    <property name="user.script" value=""/>
    <property name="sun.management.compiler" value="HotSpot 64-Bit Tiered Compilers"/>
    <property name="java.runtime.version" value="1.8.0_181-b13"/>
    <property name="user.name" value="wantwantxu"/>
    <property name="path.separator" value=";"/>
    <property name="os.version" value="10.0"/>
    <property name="java.endorsed.dirs" value="D:\Work\Java\jdk1.8.0_181\jre\lib\endorsed"/>
    <property name="java.runtime.name" value="Java(TM) SE Runtime Environment"/>
    <property name="file.encoding" value="GBK"/>
    <property name="java.vm.name" value="Java HotSpot(TM) 64-Bit Server VM"/>
    <property name="localRepository" value="F:\repository"/>
    <property name="java.vendor.url.bug" value="http://bugreport.sun.com/bugreport/"/>
    <property name="java.io.tmpdir" value="C:\Users\WANTWA~1\AppData\Local\Temp\"/>
    <property name="java.version" value="1.8.0_181"/>
    <property name="user.dir" value="E:\Workspace\JobWorkspace\scheduler\sl"/>
    <property name="os.arch" value="amd64"/>
    <property name="java.vm.specification.name" value="Java Virtual Machine Specification"/>
    <property name="java.awt.printerjob" value="sun.awt.windows.WPrinterJob"/>
    <property name="sun.os.patch.level" value=""/>
    <property name="java.library.path" value="D:\Work\Java\jdk1.8.0_181\jre\bin;C:\Windows\Sun\Java\bin;C:\Windows\system32;C:\Windows;C:\Users\wantwantxu\bin;C:\Program Files\Git\mingw64\bin;C:\Program Files\Git\usr\local\bin;C:\Program Files\Git\usr\bin;C:\Program Files\Git\usr\bin;C:\Program Files\Git\mingw64\bin;C:\Program Files\Git\usr\bin;C:\Users\wantwantxu\bin;C:\Program Files\Microsoft MPI\Bin;C:\Program Files (x86)\Common Files\Oracle\Java\javapath;C:\Windows\system32;C:\Windows;C:\Windows\System32\Wbem;C:\Windows\System32\WindowsPowerShell\v1.0;D:\Work\Java\jdk1.8.0_181\bin;C:\Program Files\Git\cmd;D:\Work\Microsoft VS Code\bin;D:\Program Files (x86)\Microsoft SQL Server\130\Tools\Binn;D:\Program Files\Microsoft SQL Server\130\Tools\Binn;D:\Program Files (x86)\Microsoft SQL Server\130\DTS\Binn;D:\Program Files\Microsoft SQL Server\130\DTS\Binn;D:\Program Files\Microsoft SQL Server\Client SDK\ODBC\130\Tools\Binn;D:\Work\Java\apache-maven-3.5.4\bin;D:\Program Files (x86)\Microsoft SQL Server\Client SDK\ODBC\130\Tools\Binn;D:\Program Files (x86)\Microsoft SQL Server\140\Tools\Binn;D:\Program Files (x86)\Microsoft SQL Server\140\DTS\Binn;D:\Program Files (x86)\Microsoft SQL Server\140\Tools\Binn\ManagementStudio;C:\Users\wantwantxu\AppData\Local\Microsoft\WindowsApps;C:\Program Files\Git\usr\bin\vendor_perl;C:\Program Files\Git\usr\bin\core_perl;."/>
    <property name="java.vm.info" value="mixed mode"/>
    <property name="java.vendor" value="Oracle Corporation"/>
    <property name="java.vm.version" value="25.181-b13"/>
    <property name="java.ext.dirs" value="D:\Work\Java\jdk1.8.0_181\jre\lib\ext;C:\Windows\Sun\Java\lib\ext"/>
    <property name="sun.io.unicode.encoding" value="UnicodeLittle"/>
    <property name="java.class.version" value="52.0"/>
  </properties>
  <testcase name="testApp" classname="cn.xeonsoft.worker.task.AppTest" time="0"/>
</testsuite>